info: Cannot read properties of undefined (reading 'replace')
info: Cannot read properties of undefined (reading 'replace')
info: Cannot read properties of undefined (reading 'replace')
info: Cannot read properties of undefined (reading 'replace')
info: Cannot read properties of undefined (reading 'replace')
info: Cannot read properties of undefined (reading 'replace')
info: Cannot read properties of undefined (reading 'authorization')
info: Cannot read properties of undefined (reading 'replace')
info: Cannot read properties of undefined (reading 'authorization')
info: Cannot read properties of undefined (reading 'authorization')
info: Cannot read properties of undefined (reading 'authorization')
info: Cannot read properties of undefined (reading 'authorization')
info: Cannot read properties of undefined (reading 'authorization')
info: Cannot read properties of undefined (reading 'authorization')
info: Cannot read properties of undefined (reading 'authorization')
info: Cannot read properties of undefined (reading 'authorization')
info: Cannot read properties of undefined (reading 'authorization')
info: Cannot read properties of undefined (reading 'authorization')
info: Cannot read properties of undefined (reading 'authorization')
info: Cannot read properties of undefined (reading 'replace')
info: Cannot read properties of undefined (reading 'replace')
info: Cannot read properties of undefined (reading 'replace')
info: Cannot read properties of undefined (reading 'replace')
info: Cannot read properties of undefined (reading 'replace')
info: Cannot read properties of undefined (reading 'replace')
info: Cannot read properties of undefined (reading 'replace')
info: Cannot read properties of undefined (reading 'replace')
info: Cannot read properties of undefined (reading 'replace')
info: Cannot read properties of undefined (reading 'replace')
info: Cannot read properties of undefined (reading 'replace')
error: no se especifica un nombre de usuario en el paquete de inicio {"code":"28000","file":"postmaster.c","length":131,"line":"2326","name":"error","routine":"ProcessStartupPacket","severity":"FATAL"}
error: Failed to create connection with database
info: Connection initialized with database...
info: Connection initialized with database...
info: Connection initialized with database...
info: Connection initialized with database...
info: Connection initialized with database...
info: Connection initialized with database...
error: no existe la relación «public.cards» {"code":"42P01","driverError":{"code":"42P01","file":"parse_relation.c","length":113,"line":"1374","name":"error","position":"260","routine":"parserOpenTable","severity":"ERROR"},"file":"parse_relation.c","length":113,"line":"1374","parameters":["4111111111111111"],"position":"260","query":"SELECT \"cards\".\"id\" AS \"cards_id\", \"cards\".\"email\" AS \"cards_email\", \"cards\".\"card_number\" AS \"cards_card_number\", \"cards\".\"cvv\" AS \"cards_cvv\", \"cards\".\"expiration_year\" AS \"cards_expiration_year\", \"cards\".\"expiration_month\" AS \"cards_expiration_month\" FROM \"public\".\"cards\" \"cards\" WHERE (\"cards\".\"card_number\" = $1) LIMIT 1","routine":"parserOpenTable","severity":"ERROR"}
info: Connection initialized with database...
info: Connection initialized with database...
info: Connection initialized with database...
info: Connection initialized with database...
info: Connection initialized with database...
info: Connection initialized with database...
info: Connection initialized with database...
info: Cannot read properties of undefined (reading 'replace')
info: Connection initialized with database...
info: Cannot read properties of undefined (reading 'replace')
info: Connection initialized with database...
info: Cannot read properties of undefined (reading 'replace')
info: Connection initialized with database...
info: jwt expired {"expiredAt":"2023-09-05T22:04:05.000Z","name":"TokenExpiredError"}
info: jwt expired {"expiredAt":"2023-09-05T22:04:05.000Z","name":"TokenExpiredError"}
info: Connection initialized with database...
info: Connection initialized with database...
info: Connection initialized with database...
info: Connection initialized with database...
info: Connection initialized with database...
info: Connection initialized with database...
info: Connection initialized with database...
info: Connection initialized with database...
info: Connection initialized with database...
info: Connection initialized with database...
info: Connected to redis
info: Connection initialized with database...
info: Connected to redis
info: Cannot read properties of undefined (reading 'replace')
info: jwt expired {"expiredAt":"2023-09-05T23:56:56.000Z","name":"TokenExpiredError"}
info: jwt expired {"expiredAt":"2023-09-05T23:56:56.000Z","name":"TokenExpiredError"}
info: Connected to redis
info: Connection initialized with database...
info: Connected to redis
info: Connected to redis
info: Connected to redis
info: Connection initialized with database...
info: Connected to redis
info: Connection initialized with database...
info: Connected to redis
info: Connected to redis
info: Connection initialized with database...
info: Connected to redis
info: jwt expired {"expiredAt":"2023-09-05T23:56:56.000Z","name":"TokenExpiredError"}
info: Connection initialized with database...
info: Connected to redis
info: jwt expired {"expiredAt":"2023-09-06T01:02:33.000Z","name":"TokenExpiredError"}
info: Connection initialized with database...
info: Connected to redis
info: Connected to redis
info: Connection initialized with database...
info: Connected to redis
info: Connection initialized with database...
info: Connection initialized with database...
info: Connection initialized with database...
info: Connection initialized with database...
info: Connection initialized with database...
info: Connection initialized with database...
info: Connection initialized with database...
info: Connection initialized with database...
info: Connection initialized with database...
info: Connection initialized with database...
info: Connection initialized with database...
info: Connection initialized with database...
info: Connection initialized with database...
info: Connection initialized with database...
info: Connection initialized with database...
info: Connection initialized with database...
info: Connection initialized with database...
info: Connection initialized with database...
info: Connection initialized with database...
info: Connection initialized with database...
info: Connected to redis
info: Connection initialized with database...
info: Connection initialized with database...
info: Connection initialized with database...
info: Connected to redis
info: Connection initialized with database...
info: Connection initialized with database...
info: Connection initialized with database...
info: Connection initialized with database...
info: Connection initialized with database...
info: Connection initialized with database...
info: Connection initialized with database...
info: Connected to redis
info: Connection initialized with database...
info: Connected to redis
info: Connected to redis
info: jwt expired {"expiredAt":"2023-09-06T05:33:44.000Z","name":"TokenExpiredError"}
info: Connection initialized with database...
info: Connected to redis
info: jwt expired {"expiredAt":"2023-09-06T03:58:38.000Z","name":"TokenExpiredError"}
info: Connection initialized with database...
info: Connected to redis
info: Connection initialized with database...
info: Connection initialized with database...
info: Connected to redis
info: Connected to redis
info: Connection initialized with database...
info: Connected to redis
info: Connected to redis
info: Connection initialized with database...
info: Connected to redis
info: Connected to redis
info: Connection initialized with database...
info: Connected to redis
info: Connected to redis
info: Connection initialized with database...
info: Connected to redis
info: Connected to redis
info: Connection initialized with database...
info: Connected to redis
info: Connected to redis
info: Connection initialized with database...
info: Connected to redis
info: Connected to redis
info: Connection initialized with database...
info: Connected to redis
info: Connected to redis
